<?xml version="1.0" encoding="UTF-8"?>
<testsuite xmlns:xsi="http://www.w3.org/2001/XMLSchema-instance" xsi:noNamespaceSchemaLocation="https://maven.apache.org/surefire/maven-surefire-plugin/xsd/surefire-test-report.xsd" name="org.jitsi.jicofo.xmpp.jigasi.JigasiIqHandlerTest" time="1.329" tests="0" errors="0" skipped="0" failures="0">
  <properties>
    <property name="gopherProxySet" value="false"/>
    <property name="awt.toolkit" value="sun.lwawt.macosx.LWCToolkit"/>
    <property name="java.specification.version" value="11"/>
    <property name="sun.cpu.isalist" value=""/>
    <property name="sun.jnu.encoding" value="UTF-8"/>
    <property name="java.class.path" value="/Users/boris/git/jicofo/jicofo/target/test-classes:/Users/boris/git/jicofo/jicofo/target/classes:/Users/boris/.m2/repository/com/googlecode/json-simple/json-simple/1.1.1/json-simple-1.1.1.jar:/Users/boris/.m2/repository/org/apache/httpcomponents/httpcore/4.4.14/httpcore-4.4.14.jar:/Users/boris/.m2/repository/org/apache/httpcomponents/httpclient/4.5.13/httpclient-4.5.13.jar:/Users/boris/.m2/repository/commons-logging/commons-logging/1.2/commons-logging-1.2.jar:/Users/boris/.m2/repository/commons-codec/commons-codec/1.11/commons-codec-1.11.jar:/Users/boris/.m2/repository/org/apache/commons/commons-lang3/3.12.0/commons-lang3-3.12.0.jar:/Users/boris/.m2/repository/org/eclipse/jetty/jetty-server/11.0.10/jetty-server-11.0.10.jar:/Users/boris/.m2/repository/org/eclipse/jetty/toolchain/jetty-jakarta-servlet-api/5.0.2/jetty-jakarta-servlet-api-5.0.2.jar:/Users/boris/.m2/repository/org/eclipse/jetty/jetty-http/11.0.10/jetty-http-11.0.10.jar:/Users/boris/.m2/repository/org/eclipse/jetty/jetty-io/11.0.10/jetty-io-11.0.10.jar:/Users/boris/.m2/repository/org/igniterealtime/smack/smack-tcp/4.4.4/smack-tcp-4.4.4.jar:/Users/boris/.m2/repository/org/igniterealtime/smack/smack-streammanagement/4.4.4/smack-streammanagement-4.4.4.jar:/Users/boris/.m2/repository/org/jetbrains/annotations/23.0.0/annotations-23.0.0.jar:/Users/boris/.m2/repository/org/jetbrains/kotlin/kotlin-stdlib-jdk8/1.6.21/kotlin-stdlib-jdk8-1.6.21.jar:/Users/boris/.m2/repository/org/jetbrains/kotlin/kotlin-stdlib/1.6.21/kotlin-stdlib-1.6.21.jar:/Users/boris/.m2/repository/org/jetbrains/kotlin/kotlin-stdlib-common/1.6.21/kotlin-stdlib-common-1.6.21.jar:/Users/boris/.m2/repository/org/jetbrains/kotlin/kotlin-stdlib-jdk7/1.6.21/kotlin-stdlib-jdk7-1.6.21.jar:/Users/boris/.m2/repository/org/jitsi/jicoco/1.1-115-g332f4e7/jicoco-1.1-115-g332f4e7.jar:/Users/boris/.m2/repository/org/eclipse/jetty/jetty-proxy/11.0.10/jetty-proxy-11.0.10.jar:/Users/boris/.m2/repository/org/eclipse/jetty/jetty-client/11.0.10/jetty-client-11.0.10.jar:/Users/boris/.m2/repository/org/eclipse/jetty/jetty-alpn-client/11.0.10/jetty-alpn-client-11.0.10.jar:/Users/boris/.m2/repository/org/eclipse/jetty/jetty-servlet/11.0.10/jetty-servlet-11.0.10.jar:/Users/boris/.m2/repository/org/eclipse/jetty/jetty-security/11.0.10/jetty-security-11.0.10.jar:/Users/boris/.m2/repository/org/eclipse/jetty/jetty-servlets/11.0.10/jetty-servlets-11.0.10.jar:/Users/boris/.m2/repository/org/eclipse/jetty/jetty-util/11.0.10/jetty-util-11.0.10.jar:/Users/boris/.m2/repository/org/xeustechnologies/jcl-core/2.8/jcl-core-2.8.jar:/Users/boris/.m2/repository/cglib/cglib-nodep/2.2/cglib-nodep-2.2.jar:/Users/boris/.m2/repository/org/kamranzafar/commons/object-cloner/0.1/object-cloner-0.1.jar:/Users/boris/.m2/repository/org/igniterealtime/smack/smack-core/4.4.5/smack-core-4.4.5.jar:/Users/boris/.m2/repository/org/igniterealtime/smack/smack-xmlparser/4.4.5/smack-xmlparser-4.4.5.jar:/Users/boris/.m2/repository/org/jxmpp/jxmpp-core/1.0.3/jxmpp-core-1.0.3.jar:/Users/boris/.m2/repository/org/jxmpp/jxmpp-util-cache/1.0.3/jxmpp-util-cache-1.0.3.jar:/Users/boris/.m2/repository/org/jxmpp/jxmpp-jid/1.0.3/jxmpp-jid-1.0.3.jar:/Users/boris/.m2/repository/org/minidns/minidns-core/1.0.4/minidns-core-1.0.4.jar:/Users/boris/.m2/repository/org/igniterealtime/smack/smack-extensions/4.4.5/smack-extensions-4.4.5.jar:/Users/boris/.m2/repository/org/igniterealtime/smack/smack-im/4.4.5/smack-im-4.4.5.jar:/Users/boris/.m2/repository/org/igniterealtime/smack/smack-xmlparser-stax/4.4.5/smack-xmlparser-stax-4.4.5.jar:/Users/boris/.m2/repository/org/javassist/javassist/3.28.0-GA/javassist-3.28.0-GA.jar:/Users/boris/.m2/repository/org/jitsi/jicoco-config/1.1-115-g332f4e7/jicoco-config-1.1-115-g332f4e7.jar:/Users/boris/.m2/repository/com/typesafe/config/1.4.2/config-1.4.2.jar:/Users/boris/.m2/repository/org/jetbrains/kotlin/kotlin-reflect/1.6.21/kotlin-reflect-1.6.21.jar:/Users/boris/.m2/repository/org/jitsi/jicoco-metrics/1.1-115-g332f4e7/jicoco-metrics-1.1-115-g332f4e7.jar:/Users/boris/.m2/repository/io/prometheus/simpleclient/0.16.0/simpleclient-0.16.0.jar:/Users/boris/.m2/repository/io/prometheus/simpleclient_tracer_otel/0.16.0/simpleclient_tracer_otel-0.16.0.jar:/Users/boris/.m2/repository/io/prometheus/simpleclient_tracer_common/0.16.0/simpleclient_tracer_common-0.16.0.jar:/Users/boris/.m2/repository/io/prometheus/simpleclient_tracer_otel_agent/0.16.0/simpleclient_tracer_otel_agent-0.16.0.jar:/Users/boris/.m2/repository/io/prometheus/simpleclient_common/0.16.0/simpleclient_common-0.16.0.jar:/Users/boris/.m2/repository/org/jitsi/jitsi-metaconfig/1.0-9-g5e1b624/jitsi-metaconfig-1.0-9-g5e1b624.jar:/Users/boris/.m2/repository/org/jitsi/jitsi-utils/1.0-119-ga7b23ff/jitsi-utils-1.0-119-ga7b23ff.jar:/Users/boris/.m2/repository/net/java/dev/jna/jna/5.9.0/jna-5.9.0.jar:/Users/boris/.m2/repository/org/jitsi/jitsi-xmpp-extensions/1.0-56-g7efff95/jitsi-xmpp-extensions-1.0-56-g7efff95.jar:/Users/boris/.m2/repository/org/igniterealtime/smack/smack-java8/4.4.5/smack-java8-4.4.5.jar:/Users/boris/.m2/repository/org/igniterealtime/smack/smack-resolver-javax/4.4.5/smack-resolver-javax-4.4.5.jar:/Users/boris/.m2/repository/org/igniterealtime/smack/smack-sasl-javax/4.4.5/smack-sasl-javax-4.4.5.jar:/Users/boris/.m2/repository/org/slf4j/slf4j-jdk14/1.7.32/slf4j-jdk14-1.7.32.jar:/Users/boris/.m2/repository/org/slf4j/slf4j-api/1.7.32/slf4j-api-1.7.32.jar:/Users/boris/.m2/repository/org/glassfish/jersey/containers/jersey-container-jetty-http/3.0.4/jersey-container-jetty-http-3.0.4.jar:/Users/boris/.m2/repository/jakarta/inject/jakarta.inject-api/2.0.0/jakarta.inject-api-2.0.0.jar:/Users/boris/.m2/repository/org/glassfish/jersey/core/jersey-common/3.0.4/jersey-common-3.0.4.jar:/Users/boris/.m2/repository/jakarta/annotation/jakarta.annotation-api/2.0.0/jakarta.annotation-api-2.0.0.jar:/Users/boris/.m2/repository/org/glassfish/hk2/osgi-resource-locator/1.0.3/osgi-resource-locator-1.0.3.jar:/Users/boris/.m2/repository/org/glassfish/jersey/core/jersey-server/3.0.4/jersey-server-3.0.4.jar:/Users/boris/.m2/repository/org/glassfish/jersey/core/jersey-client/3.0.4/jersey-client-3.0.4.jar:/Users/boris/.m2/repository/jakarta/validation/jakarta.validation-api/3.0.0/jakarta.validation-api-3.0.0.jar:/Users/boris/.m2/repository/jakarta/ws/rs/jakarta.ws.rs-api/3.0.0/jakarta.ws.rs-api-3.0.0.jar:/Users/boris/.m2/repository/org/glassfish/jersey/containers/jersey-container-servlet/3.0.4/jersey-container-servlet-3.0.4.jar:/Users/boris/.m2/repository/org/glassfish/jersey/containers/jersey-container-servlet-core/3.0.4/jersey-container-servlet-core-3.0.4.jar:/Users/boris/.m2/repository/org/glassfish/jersey/inject/jersey-hk2/3.0.4/jersey-hk2-3.0.4.jar:/Users/boris/.m2/repository/org/glassfish/hk2/hk2-locator/3.0.1/hk2-locator-3.0.1.jar:/Users/boris/.m2/repository/org/glassfish/hk2/external/aopalliance-repackaged/3.0.1/aopalliance-repackaged-3.0.1.jar:/Users/boris/.m2/repository/org/glassfish/hk2/hk2-api/3.0.1/hk2-api-3.0.1.jar:/Users/boris/.m2/repository/org/glassfish/hk2/hk2-utils/3.0.1/hk2-utils-3.0.1.jar:/Users/boris/.m2/repository/org/glassfish/jersey/media/jersey-media-json-jackson/3.0.4/jersey-media-json-jackson-3.0.4.jar:/Users/boris/.m2/repository/org/glassfish/jersey/ext/jersey-entity-filtering/3.0.4/jersey-entity-filtering-3.0.4.jar:/Users/boris/.m2/repository/com/fasterxml/jackson/core/jackson-annotations/2.13.0/jackson-annotations-2.13.0.jar:/Users/boris/.m2/repository/com/fasterxml/jackson/core/jackson-databind/2.13.0/jackson-databind-2.13.0.jar:/Users/boris/.m2/repository/com/fasterxml/jackson/core/jackson-core/2.13.0/jackson-core-2.13.0.jar:/Users/boris/.m2/repository/com/fasterxml/jackson/module/jackson-module-jakarta-xmlbind-annotations/2.13.0/jackson-module-jakarta-xmlbind-annotations-2.13.0.jar:/Users/boris/.m2/repository/jakarta/xml/bind/jakarta.xml.bind-api/3.0.1/jakarta.xml.bind-api-3.0.1.jar:/Users/boris/.m2/repository/com/sun/activation/jakarta.activation/2.0.1/jakarta.activation-2.0.1.jar:/Users/boris/.m2/repository/com/github/spotbugs/spotbugs-annotations/4.6.0/spotbugs-annotations-4.6.0.jar:/Users/boris/.m2/repository/com/google/code/findbugs/jsr305/3.0.2/jsr305-3.0.2.jar:/Users/boris/.m2/repository/rusv/agafua-syslog/0.4/agafua-syslog-0.4.jar:/Users/boris/.m2/repository/io/sentry/sentry/5.4.0/sentry-5.4.0.jar:/Users/boris/.m2/repository/com/google/code/gson/gson/2.8.5/gson-2.8.5.jar:/Users/boris/.m2/repository/org/xmlunit/xmlunit-core/2.8.3/xmlunit-core-2.8.3.jar:/Users/boris/.m2/repository/org/mockito/mockito-core/4.0.0/mockito-core-4.0.0.jar:/Users/boris/.m2/repository/net/bytebuddy/byte-buddy/1.11.19/byte-buddy-1.11.19.jar:/Users/boris/.m2/repository/net/bytebuddy/byte-buddy-agent/1.11.19/byte-buddy-agent-1.11.19.jar:/Users/boris/.m2/repository/org/objenesis/objenesis/3.2/objenesis-3.2.jar:/Users/boris/.m2/repository/org/glassfish/jersey/test-framework/jersey-test-framework-core/3.0.4/jersey-test-framework-core-3.0.4.jar:/Users/boris/.m2/repository/jakarta/servlet/jakarta.servlet-api/5.0.0/jakarta.servlet-api-5.0.0.jar:/Users/boris/.m2/repository/org/glassfish/jersey/media/jersey-media-jaxb/3.0.4/jersey-media-jaxb-3.0.4.jar:/Users/boris/.m2/repository/org/glassfish/jersey/test-framework/providers/jersey-test-framework-provider-jetty/3.0.4/jersey-test-framework-provider-jetty-3.0.4.jar:/Users/boris/.m2/repository/org/glassfish/jersey/test-framework/providers/jersey-test-framework-provider-grizzly2/3.0.4/jersey-test-framework-provider-grizzly2-3.0.4.jar:/Users/boris/.m2/repository/org/glassfish/jersey/containers/jersey-container-grizzly2-http/3.0.4/jersey-container-grizzly2-http-3.0.4.jar:/Users/boris/.m2/repository/org/glassfish/grizzly/grizzly-http-server/3.0.0/grizzly-http-server-3.0.0.jar:/Users/boris/.m2/repository/org/glassfish/grizzly/grizzly-http/3.0.0/grizzly-http-3.0.0.jar:/Users/boris/.m2/repository/org/glassfish/grizzly/grizzly-framework/3.0.0/grizzly-framework-3.0.0.jar:/Users/boris/.m2/repository/org/glassfish/jersey/containers/jersey-container-grizzly2-servlet/3.0.4/jersey-container-grizzly2-servlet-3.0.4.jar:/Users/boris/.m2/repository/org/glassfish/grizzly/grizzly-http-servlet/3.0.0/grizzly-http-servlet-3.0.0.jar:/Users/boris/.m2/repository/io/kotest/kotest-runner-junit5-jvm/5.3.0/kotest-runner-junit5-jvm-5.3.0.jar:/Users/boris/.m2/repository/io/kotest/kotest-framework-api-jvm/5.3.0/kotest-framework-api-jvm-5.3.0.jar:/Users/boris/.m2/repository/org/jetbrains/kotlinx/kotlinx-coroutines-test-jvm/1.6.1/kotlinx-coroutines-test-jvm-1.6.1.jar:/Users/boris/.m2/repository/io/kotest/kotest-common-jvm/5.3.0/kotest-common-jvm-5.3.0.jar:/Users/boris/.m2/repository/io/kotest/kotest-framework-engine-jvm/5.3.0/kotest-framework-engine-jvm-5.3.0.jar:/Users/boris/.m2/repository/io/github/classgraph/classgraph/4.8.146/classgraph-4.8.146.jar:/Users/boris/.m2/repository/com/github/ajalt/mordant/1.2.1/mordant-1.2.1.jar:/Users/boris/.m2/repository/com/github/ajalt/colormath/1.2.0/colormath-1.2.0.jar:/Users/boris/.m2/repository/org/jetbrains/kotlinx/kotlinx-coroutines-debug/1.6.1/kotlinx-coroutines-debug-1.6.1.jar:/Users/boris/.m2/repository/net/java/dev/jna/jna-platform/5.9.0/jna-platform-5.9.0.jar:/Users/boris/.m2/repository/io/kotest/kotest-framework-discovery-jvm/5.3.0/kotest-framework-discovery-jvm-5.3.0.jar:/Users/boris/.m2/repository/io/kotest/kotest-extensions-jvm/5.3.0/kotest-extensions-jvm-5.3.0.jar:/Users/boris/.m2/repository/commons-io/commons-io/2.11.0/commons-io-2.11.0.jar:/Users/boris/.m2/repository/io/kotest/kotest-framework-concurrency-jvm/5.3.0/kotest-framework-concurrency-jvm-5.3.0.jar:/Users/boris/.m2/repository/org/jetbrains/kotlinx/kotlinx-coroutines-core-jvm/1.6.1/kotlinx-coroutines-core-jvm-1.6.1.jar:/Users/boris/.m2/repository/org/junit/platform/junit-platform-engine/1.7.2/junit-platform-engine-1.7.2.jar:/Users/boris/.m2/repository/org/junit/platform/junit-platform-suite-api/1.7.2/junit-platform-suite-api-1.7.2.jar:/Users/boris/.m2/repository/io/kotest/kotest-assertions-core-jvm/5.3.0/kotest-assertions-core-jvm-5.3.0.jar:/Users/boris/.m2/repository/io/kotest/kotest-assertions-shared-jvm/5.3.0/kotest-assertions-shared-jvm-5.3.0.jar:/Users/boris/.m2/repository/org/jetbrains/kotlinx/kotlinx-coroutines-jdk8/1.6.1/kotlinx-coroutines-jdk8-1.6.1.jar:/Users/boris/.m2/repository/io/kotest/kotest-assertions-api-jvm/5.3.0/kotest-assertions-api-jvm-5.3.0.jar:/Users/boris/.m2/repository/io/kotest/kotest-property-jvm/5.3.0/kotest-property-jvm-5.3.0.jar:/Users/boris/.m2/repository/com/github/curious-odd-man/rgxgen/1.3/rgxgen-1.3.jar:/Users/boris/.m2/repository/io/github/java-diff-utils/java-diff-utils/4.11/java-diff-utils-4.11.jar:/Users/boris/.m2/repository/org/junit/platform/junit-platform-launcher/1.8.1/junit-platform-launcher-1.8.1.jar:/Users/boris/.m2/repository/org/apiguardian/apiguardian-api/1.1.2/apiguardian-api-1.1.2.jar:/Users/boris/.m2/repository/org/junit/jupiter/junit-jupiter-api/5.8.2/junit-jupiter-api-5.8.2.jar:/Users/boris/.m2/repository/org/opentest4j/opentest4j/1.2.0/opentest4j-1.2.0.jar:/Users/boris/.m2/repository/org/junit/platform/junit-platform-commons/1.8.2/junit-platform-commons-1.8.2.jar:/Users/boris/.m2/repository/org/junit/jupiter/junit-jupiter-engine/5.8.2/junit-jupiter-engine-5.8.2.jar:/Users/boris/.m2/repository/org/jitsi/jicoco-test-kotlin/1.1-115-g332f4e7/jicoco-test-kotlin-1.1-115-g332f4e7.jar:/Users/boris/.m2/repository/io/mockk/mockk/1.12.3/mockk-1.12.3.jar:/Users/boris/.m2/repository/io/mockk/mockk-common/1.12.3/mockk-common-1.12.3.jar:/Users/boris/.m2/repository/io/mockk/mockk-dsl/1.12.3/mockk-dsl-1.12.3.jar:/Users/boris/.m2/repository/io/mockk/mockk-dsl-jvm/1.12.3/mockk-dsl-jvm-1.12.3.jar:/Users/boris/.m2/repository/io/mockk/mockk-agent-jvm/1.12.3/mockk-agent-jvm-1.12.3.jar:/Users/boris/.m2/repository/io/mockk/mockk-agent-api/1.12.3/mockk-agent-api-1.12.3.jar:/Users/boris/.m2/repository/io/mockk/mockk-agent-common/1.12.3/mockk-agent-common-1.12.3.jar:"/>
    <property name="java.vm.vendor" value="Homebrew"/>
    <property name="sun.arch.data.model" value="64"/>
    <property name="java.vendor.url" value="https://github.com/Homebrew/homebrew-core/issues"/>
    <property name="user.timezone" value=""/>
    <property name="java.vm.specification.version" value="11"/>
    <property name="os.name" value="Mac OS X"/>
    <property name="sun.java.launcher" value="SUN_STANDARD"/>
    <property name="user.country" value="GB"/>
    <property name="sun.boot.library.path" value="/usr/local/Cellar/openjdk@11/11.0.14.1/libexec/openjdk.jdk/Contents/Home/lib"/>
    <property name="sun.java.command" value="/Users/boris/git/jicofo/jicofo/target/surefire/surefirebooter18229282303514089428.jar /Users/boris/git/jicofo/jicofo/target/surefire 2022-08-19T17-34-46_102-jvmRun1 surefire9541099109623320835tmp surefire_04167432721219785102tmp"/>
    <property name="http.nonProxyHosts" value="local|*.local|169.254/16|*.169.254/16"/>
    <property name="jdk.debug" value="release"/>
    <property name="surefire.test.class.path" value="/Users/boris/git/jicofo/jicofo/target/test-classes:/Users/boris/git/jicofo/jicofo/target/classes:/Users/boris/.m2/repository/com/googlecode/json-simple/json-simple/1.1.1/json-simple-1.1.1.jar:/Users/boris/.m2/repository/org/apache/httpcomponents/httpcore/4.4.14/httpcore-4.4.14.jar:/Users/boris/.m2/repository/org/apache/httpcomponents/httpclient/4.5.13/httpclient-4.5.13.jar:/Users/boris/.m2/repository/commons-logging/commons-logging/1.2/commons-logging-1.2.jar:/Users/boris/.m2/repository/commons-codec/commons-codec/1.11/commons-codec-1.11.jar:/Users/boris/.m2/repository/org/apache/commons/commons-lang3/3.12.0/commons-lang3-3.12.0.jar:/Users/boris/.m2/repository/org/eclipse/jetty/jetty-server/11.0.10/jetty-server-11.0.10.jar:/Users/boris/.m2/repository/org/eclipse/jetty/toolchain/jetty-jakarta-servlet-api/5.0.2/jetty-jakarta-servlet-api-5.0.2.jar:/Users/boris/.m2/repository/org/eclipse/jetty/jetty-http/11.0.10/jetty-http-11.0.10.jar:/Users/boris/.m2/repository/org/eclipse/jetty/jetty-io/11.0.10/jetty-io-11.0.10.jar:/Users/boris/.m2/repository/org/igniterealtime/smack/smack-tcp/4.4.4/smack-tcp-4.4.4.jar:/Users/boris/.m2/repository/org/igniterealtime/smack/smack-streammanagement/4.4.4/smack-streammanagement-4.4.4.jar:/Users/boris/.m2/repository/org/jetbrains/annotations/23.0.0/annotations-23.0.0.jar:/Users/boris/.m2/repository/org/jetbrains/kotlin/kotlin-stdlib-jdk8/1.6.21/kotlin-stdlib-jdk8-1.6.21.jar:/Users/boris/.m2/repository/org/jetbrains/kotlin/kotlin-stdlib/1.6.21/kotlin-stdlib-1.6.21.jar:/Users/boris/.m2/repository/org/jetbrains/kotlin/kotlin-stdlib-common/1.6.21/kotlin-stdlib-common-1.6.21.jar:/Users/boris/.m2/repository/org/jetbrains/kotlin/kotlin-stdlib-jdk7/1.6.21/kotlin-stdlib-jdk7-1.6.21.jar:/Users/boris/.m2/repository/org/jitsi/jicoco/1.1-115-g332f4e7/jicoco-1.1-115-g332f4e7.jar:/Users/boris/.m2/repository/org/eclipse/jetty/jetty-proxy/11.0.10/jetty-proxy-11.0.10.jar:/Users/boris/.m2/repository/org/eclipse/jetty/jetty-client/11.0.10/jetty-client-11.0.10.jar:/Users/boris/.m2/repository/org/eclipse/jetty/jetty-alpn-client/11.0.10/jetty-alpn-client-11.0.10.jar:/Users/boris/.m2/repository/org/eclipse/jetty/jetty-servlet/11.0.10/jetty-servlet-11.0.10.jar:/Users/boris/.m2/repository/org/eclipse/jetty/jetty-security/11.0.10/jetty-security-11.0.10.jar:/Users/boris/.m2/repository/org/eclipse/jetty/jetty-servlets/11.0.10/jetty-servlets-11.0.10.jar:/Users/boris/.m2/repository/org/eclipse/jetty/jetty-util/11.0.10/jetty-util-11.0.10.jar:/Users/boris/.m2/repository/org/xeustechnologies/jcl-core/2.8/jcl-core-2.8.jar:/Users/boris/.m2/repository/cglib/cglib-nodep/2.2/cglib-nodep-2.2.jar:/Users/boris/.m2/repository/org/kamranzafar/commons/object-cloner/0.1/object-cloner-0.1.jar:/Users/boris/.m2/repository/org/igniterealtime/smack/smack-core/4.4.5/smack-core-4.4.5.jar:/Users/boris/.m2/repository/org/igniterealtime/smack/smack-xmlparser/4.4.5/smack-xmlparser-4.4.5.jar:/Users/boris/.m2/repository/org/jxmpp/jxmpp-core/1.0.3/jxmpp-core-1.0.3.jar:/Users/boris/.m2/repository/org/jxmpp/jxmpp-util-cache/1.0.3/jxmpp-util-cache-1.0.3.jar:/Users/boris/.m2/repository/org/jxmpp/jxmpp-jid/1.0.3/jxmpp-jid-1.0.3.jar:/Users/boris/.m2/repository/org/minidns/minidns-core/1.0.4/minidns-core-1.0.4.jar:/Users/boris/.m2/repository/org/igniterealtime/smack/smack-extensions/4.4.5/smack-extensions-4.4.5.jar:/Users/boris/.m2/repository/org/igniterealtime/smack/smack-im/4.4.5/smack-im-4.4.5.jar:/Users/boris/.m2/repository/org/igniterealtime/smack/smack-xmlparser-stax/4.4.5/smack-xmlparser-stax-4.4.5.jar:/Users/boris/.m2/repository/org/javassist/javassist/3.28.0-GA/javassist-3.28.0-GA.jar:/Users/boris/.m2/repository/org/jitsi/jicoco-config/1.1-115-g332f4e7/jicoco-config-1.1-115-g332f4e7.jar:/Users/boris/.m2/repository/com/typesafe/config/1.4.2/config-1.4.2.jar:/Users/boris/.m2/repository/org/jetbrains/kotlin/kotlin-reflect/1.6.21/kotlin-reflect-1.6.21.jar:/Users/boris/.m2/repository/org/jitsi/jicoco-metrics/1.1-115-g332f4e7/jicoco-metrics-1.1-115-g332f4e7.jar:/Users/boris/.m2/repository/io/prometheus/simpleclient/0.16.0/simpleclient-0.16.0.jar:/Users/boris/.m2/repository/io/prometheus/simpleclient_tracer_otel/0.16.0/simpleclient_tracer_otel-0.16.0.jar:/Users/boris/.m2/repository/io/prometheus/simpleclient_tracer_common/0.16.0/simpleclient_tracer_common-0.16.0.jar:/Users/boris/.m2/repository/io/prometheus/simpleclient_tracer_otel_agent/0.16.0/simpleclient_tracer_otel_agent-0.16.0.jar:/Users/boris/.m2/repository/io/prometheus/simpleclient_common/0.16.0/simpleclient_common-0.16.0.jar:/Users/boris/.m2/repository/org/jitsi/jitsi-metaconfig/1.0-9-g5e1b624/jitsi-metaconfig-1.0-9-g5e1b624.jar:/Users/boris/.m2/repository/org/jitsi/jitsi-utils/1.0-119-ga7b23ff/jitsi-utils-1.0-119-ga7b23ff.jar:/Users/boris/.m2/repository/net/java/dev/jna/jna/5.9.0/jna-5.9.0.jar:/Users/boris/.m2/repository/org/jitsi/jitsi-xmpp-extensions/1.0-56-g7efff95/jitsi-xmpp-extensions-1.0-56-g7efff95.jar:/Users/boris/.m2/repository/org/igniterealtime/smack/smack-java8/4.4.5/smack-java8-4.4.5.jar:/Users/boris/.m2/repository/org/igniterealtime/smack/smack-resolver-javax/4.4.5/smack-resolver-javax-4.4.5.jar:/Users/boris/.m2/repository/org/igniterealtime/smack/smack-sasl-javax/4.4.5/smack-sasl-javax-4.4.5.jar:/Users/boris/.m2/repository/org/slf4j/slf4j-jdk14/1.7.32/slf4j-jdk14-1.7.32.jar:/Users/boris/.m2/repository/org/slf4j/slf4j-api/1.7.32/slf4j-api-1.7.32.jar:/Users/boris/.m2/repository/org/glassfish/jersey/containers/jersey-container-jetty-http/3.0.4/jersey-container-jetty-http-3.0.4.jar:/Users/boris/.m2/repository/jakarta/inject/jakarta.inject-api/2.0.0/jakarta.inject-api-2.0.0.jar:/Users/boris/.m2/repository/org/glassfish/jersey/core/jersey-common/3.0.4/jersey-common-3.0.4.jar:/Users/boris/.m2/repository/jakarta/annotation/jakarta.annotation-api/2.0.0/jakarta.annotation-api-2.0.0.jar:/Users/boris/.m2/repository/org/glassfish/hk2/osgi-resource-locator/1.0.3/osgi-resource-locator-1.0.3.jar:/Users/boris/.m2/repository/org/glassfish/jersey/core/jersey-server/3.0.4/jersey-server-3.0.4.jar:/Users/boris/.m2/repository/org/glassfish/jersey/core/jersey-client/3.0.4/jersey-client-3.0.4.jar:/Users/boris/.m2/repository/jakarta/validation/jakarta.validation-api/3.0.0/jakarta.validation-api-3.0.0.jar:/Users/boris/.m2/repository/jakarta/ws/rs/jakarta.ws.rs-api/3.0.0/jakarta.ws.rs-api-3.0.0.jar:/Users/boris/.m2/repository/org/glassfish/jersey/containers/jersey-container-servlet/3.0.4/jersey-container-servlet-3.0.4.jar:/Users/boris/.m2/repository/org/glassfish/jersey/containers/jersey-container-servlet-core/3.0.4/jersey-container-servlet-core-3.0.4.jar:/Users/boris/.m2/repository/org/glassfish/jersey/inject/jersey-hk2/3.0.4/jersey-hk2-3.0.4.jar:/Users/boris/.m2/repository/org/glassfish/hk2/hk2-locator/3.0.1/hk2-locator-3.0.1.jar:/Users/boris/.m2/repository/org/glassfish/hk2/external/aopalliance-repackaged/3.0.1/aopalliance-repackaged-3.0.1.jar:/Users/boris/.m2/repository/org/glassfish/hk2/hk2-api/3.0.1/hk2-api-3.0.1.jar:/Users/boris/.m2/repository/org/glassfish/hk2/hk2-utils/3.0.1/hk2-utils-3.0.1.jar:/Users/boris/.m2/repository/org/glassfish/jersey/media/jersey-media-json-jackson/3.0.4/jersey-media-json-jackson-3.0.4.jar:/Users/boris/.m2/repository/org/glassfish/jersey/ext/jersey-entity-filtering/3.0.4/jersey-entity-filtering-3.0.4.jar:/Users/boris/.m2/repository/com/fasterxml/jackson/core/jackson-annotations/2.13.0/jackson-annotations-2.13.0.jar:/Users/boris/.m2/repository/com/fasterxml/jackson/core/jackson-databind/2.13.0/jackson-databind-2.13.0.jar:/Users/boris/.m2/repository/com/fasterxml/jackson/core/jackson-core/2.13.0/jackson-core-2.13.0.jar:/Users/boris/.m2/repository/com/fasterxml/jackson/module/jackson-module-jakarta-xmlbind-annotations/2.13.0/jackson-module-jakarta-xmlbind-annotations-2.13.0.jar:/Users/boris/.m2/repository/jakarta/xml/bind/jakarta.xml.bind-api/3.0.1/jakarta.xml.bind-api-3.0.1.jar:/Users/boris/.m2/repository/com/sun/activation/jakarta.activation/2.0.1/jakarta.activation-2.0.1.jar:/Users/boris/.m2/repository/com/github/spotbugs/spotbugs-annotations/4.6.0/spotbugs-annotations-4.6.0.jar:/Users/boris/.m2/repository/com/google/code/findbugs/jsr305/3.0.2/jsr305-3.0.2.jar:/Users/boris/.m2/repository/rusv/agafua-syslog/0.4/agafua-syslog-0.4.jar:/Users/boris/.m2/repository/io/sentry/sentry/5.4.0/sentry-5.4.0.jar:/Users/boris/.m2/repository/com/google/code/gson/gson/2.8.5/gson-2.8.5.jar:/Users/boris/.m2/repository/org/xmlunit/xmlunit-core/2.8.3/xmlunit-core-2.8.3.jar:/Users/boris/.m2/repository/org/mockito/mockito-core/4.0.0/mockito-core-4.0.0.jar:/Users/boris/.m2/repository/net/bytebuddy/byte-buddy/1.11.19/byte-buddy-1.11.19.jar:/Users/boris/.m2/repository/net/bytebuddy/byte-buddy-agent/1.11.19/byte-buddy-agent-1.11.19.jar:/Users/boris/.m2/repository/org/objenesis/objenesis/3.2/objenesis-3.2.jar:/Users/boris/.m2/repository/org/glassfish/jersey/test-framework/jersey-test-framework-core/3.0.4/jersey-test-framework-core-3.0.4.jar:/Users/boris/.m2/repository/jakarta/servlet/jakarta.servlet-api/5.0.0/jakarta.servlet-api-5.0.0.jar:/Users/boris/.m2/repository/org/glassfish/jersey/media/jersey-media-jaxb/3.0.4/jersey-media-jaxb-3.0.4.jar:/Users/boris/.m2/repository/org/glassfish/jersey/test-framework/providers/jersey-test-framework-provider-jetty/3.0.4/jersey-test-framework-provider-jetty-3.0.4.jar:/Users/boris/.m2/repository/org/glassfish/jersey/test-framework/providers/jersey-test-framework-provider-grizzly2/3.0.4/jersey-test-framework-provider-grizzly2-3.0.4.jar:/Users/boris/.m2/repository/org/glassfish/jersey/containers/jersey-container-grizzly2-http/3.0.4/jersey-container-grizzly2-http-3.0.4.jar:/Users/boris/.m2/repository/org/glassfish/grizzly/grizzly-http-server/3.0.0/grizzly-http-server-3.0.0.jar:/Users/boris/.m2/repository/org/glassfish/grizzly/grizzly-http/3.0.0/grizzly-http-3.0.0.jar:/Users/boris/.m2/repository/org/glassfish/grizzly/grizzly-framework/3.0.0/grizzly-framework-3.0.0.jar:/Users/boris/.m2/repository/org/glassfish/jersey/containers/jersey-container-grizzly2-servlet/3.0.4/jersey-container-grizzly2-servlet-3.0.4.jar:/Users/boris/.m2/repository/org/glassfish/grizzly/grizzly-http-servlet/3.0.0/grizzly-http-servlet-3.0.0.jar:/Users/boris/.m2/repository/io/kotest/kotest-runner-junit5-jvm/5.3.0/kotest-runner-junit5-jvm-5.3.0.jar:/Users/boris/.m2/repository/io/kotest/kotest-framework-api-jvm/5.3.0/kotest-framework-api-jvm-5.3.0.jar:/Users/boris/.m2/repository/org/jetbrains/kotlinx/kotlinx-coroutines-test-jvm/1.6.1/kotlinx-coroutines-test-jvm-1.6.1.jar:/Users/boris/.m2/repository/io/kotest/kotest-common-jvm/5.3.0/kotest-common-jvm-5.3.0.jar:/Users/boris/.m2/repository/io/kotest/kotest-framework-engine-jvm/5.3.0/kotest-framework-engine-jvm-5.3.0.jar:/Users/boris/.m2/repository/io/github/classgraph/classgraph/4.8.146/classgraph-4.8.146.jar:/Users/boris/.m2/repository/com/github/ajalt/mordant/1.2.1/mordant-1.2.1.jar:/Users/boris/.m2/repository/com/github/ajalt/colormath/1.2.0/colormath-1.2.0.jar:/Users/boris/.m2/repository/org/jetbrains/kotlinx/kotlinx-coroutines-debug/1.6.1/kotlinx-coroutines-debug-1.6.1.jar:/Users/boris/.m2/repository/net/java/dev/jna/jna-platform/5.9.0/jna-platform-5.9.0.jar:/Users/boris/.m2/repository/io/kotest/kotest-framework-discovery-jvm/5.3.0/kotest-framework-discovery-jvm-5.3.0.jar:/Users/boris/.m2/repository/io/kotest/kotest-extensions-jvm/5.3.0/kotest-extensions-jvm-5.3.0.jar:/Users/boris/.m2/repository/commons-io/commons-io/2.11.0/commons-io-2.11.0.jar:/Users/boris/.m2/repository/io/kotest/kotest-framework-concurrency-jvm/5.3.0/kotest-framework-concurrency-jvm-5.3.0.jar:/Users/boris/.m2/repository/org/jetbrains/kotlinx/kotlinx-coroutines-core-jvm/1.6.1/kotlinx-coroutines-core-jvm-1.6.1.jar:/Users/boris/.m2/repository/org/junit/platform/junit-platform-engine/1.7.2/junit-platform-engine-1.7.2.jar:/Users/boris/.m2/repository/org/junit/platform/junit-platform-suite-api/1.7.2/junit-platform-suite-api-1.7.2.jar:/Users/boris/.m2/repository/io/kotest/kotest-assertions-core-jvm/5.3.0/kotest-assertions-core-jvm-5.3.0.jar:/Users/boris/.m2/repository/io/kotest/kotest-assertions-shared-jvm/5.3.0/kotest-assertions-shared-jvm-5.3.0.jar:/Users/boris/.m2/repository/org/jetbrains/kotlinx/kotlinx-coroutines-jdk8/1.6.1/kotlinx-coroutines-jdk8-1.6.1.jar:/Users/boris/.m2/repository/io/kotest/kotest-assertions-api-jvm/5.3.0/kotest-assertions-api-jvm-5.3.0.jar:/Users/boris/.m2/repository/io/kotest/kotest-property-jvm/5.3.0/kotest-property-jvm-5.3.0.jar:/Users/boris/.m2/repository/com/github/curious-odd-man/rgxgen/1.3/rgxgen-1.3.jar:/Users/boris/.m2/repository/io/github/java-diff-utils/java-diff-utils/4.11/java-diff-utils-4.11.jar:/Users/boris/.m2/repository/org/junit/platform/junit-platform-launcher/1.8.1/junit-platform-launcher-1.8.1.jar:/Users/boris/.m2/repository/org/apiguardian/apiguardian-api/1.1.2/apiguardian-api-1.1.2.jar:/Users/boris/.m2/repository/org/junit/jupiter/junit-jupiter-api/5.8.2/junit-jupiter-api-5.8.2.jar:/Users/boris/.m2/repository/org/opentest4j/opentest4j/1.2.0/opentest4j-1.2.0.jar:/Users/boris/.m2/repository/org/junit/platform/junit-platform-commons/1.8.2/junit-platform-commons-1.8.2.jar:/Users/boris/.m2/repository/org/junit/jupiter/junit-jupiter-engine/5.8.2/junit-jupiter-engine-5.8.2.jar:/Users/boris/.m2/repository/org/jitsi/jicoco-test-kotlin/1.1-115-g332f4e7/jicoco-test-kotlin-1.1-115-g332f4e7.jar:/Users/boris/.m2/repository/io/mockk/mockk/1.12.3/mockk-1.12.3.jar:/Users/boris/.m2/repository/io/mockk/mockk-common/1.12.3/mockk-common-1.12.3.jar:/Users/boris/.m2/repository/io/mockk/mockk-dsl/1.12.3/mockk-dsl-1.12.3.jar:/Users/boris/.m2/repository/io/mockk/mockk-dsl-jvm/1.12.3/mockk-dsl-jvm-1.12.3.jar:/Users/boris/.m2/repository/io/mockk/mockk-agent-jvm/1.12.3/mockk-agent-jvm-1.12.3.jar:/Users/boris/.m2/repository/io/mockk/mockk-agent-api/1.12.3/mockk-agent-api-1.12.3.jar:/Users/boris/.m2/repository/io/mockk/mockk-agent-common/1.12.3/mockk-agent-common-1.12.3.jar:"/>
    <property name="sun.cpu.endian" value="little"/>
    <property name="user.home" value="/Users/boris"/>
    <property name="user.language" value="en"/>
    <property name="java.specification.vendor" value="Oracle Corporation"/>
    <property name="java.version.date" value="2022-02-08"/>
    <property name="java.home" value="/usr/local/Cellar/openjdk@11/11.0.14.1/libexec/openjdk.jdk/Contents/Home"/>
    <property name="file.separator" value="/"/>
    <property name="basedir" value="/Users/boris/git/jicofo/jicofo"/>
    <property name="java.vm.compressedOopsMode" value="Zero based"/>
    <property name="line.separator" value="&#10;"/>
    <property name="java.specification.name" value="Java Platform API Specification"/>
    <property name="java.vm.specification.vendor" value="Oracle Corporation"/>
    <property name="java.awt.graphicsenv" value="sun.awt.CGraphicsEnvironment"/>
    <property name="surefire.real.class.path" value="/Users/boris/git/jicofo/jicofo/target/surefire/surefirebooter18229282303514089428.jar"/>
    <property name="java.util.logging.config.file" value="/Users/boris/git/jicofo/jicofo/lib/logging.properties"/>
    <property name="sun.management.compiler" value="HotSpot 64-Bit Tiered Compilers"/>
    <property name="ftp.nonProxyHosts" value="local|*.local|169.254/16|*.169.254/16"/>
    <property name="java.runtime.version" value="11.0.14.1+0"/>
    <property name="user.name" value="boris"/>
    <property name="path.separator" value=":"/>
    <property name="os.version" value="12.5.1"/>
    <property name="java.runtime.name" value="OpenJDK Runtime Environment"/>
    <property name="file.encoding" value="UTF-8"/>
    <property name="java.vm.name" value="OpenJDK 64-Bit Server VM"/>
    <property name="java.vendor.version" value="Homebrew"/>
    <property name="localRepository" value="/Users/boris/.m2/repository"/>
    <property name="java.vendor.url.bug" value="https://github.com/Homebrew/homebrew-core/issues"/>
    <property name="java.io.tmpdir" value="/var/folders/5j/ws1dndy5473gb1p5blf8z_qm0000gn/T/"/>
    <property name="java.version" value="11.0.14.1"/>
    <property name="user.dir" value="/Users/boris/git/jicofo/jicofo"/>
    <property name="os.arch" value="x86_64"/>
    <property name="java.vm.specification.name" value="Java Virtual Machine Specification"/>
    <property name="java.awt.printerjob" value="sun.lwawt.macosx.CPrinterJob"/>
    <property name="sun.os.patch.level" value="unknown"/>
    <property name="java.library.path" value="/Users/boris/Library/Java/Extensions:/Library/Java/Extensions:/Network/Library/Java/Extensions:/System/Library/Java/Extensions:/usr/lib/java:."/>
    <property name="java.vm.info" value="mixed mode"/>
    <property name="java.vendor" value="Homebrew"/>
    <property name="java.vm.version" value="11.0.14.1+0"/>
    <property name="sun.io.unicode.encoding" value="UnicodeBig"/>
    <property name="java.class.version" value="55.0"/>
    <property name="socksNonProxyHosts" value="local|*.local|169.254/16|*.169.254/16"/>
  </properties>
</testsuite>